[    1424ms] [INFO] %cDownload the React DevTools for a better development experience: https://react.dev/link/react-devtools font-weight:bold @ http://localhost:3000/_next/static/chunks/675eb_next_dist_d964ce87._.js:2297
[    1562ms] [LOG] [HMR] connected @ http://localhost:3000/_next/static/chunks/675eb_next_dist_d964ce87._.js:2297
[    1680ms] [ERROR] Failed to load resource: the server responded with a status of 404 (Not Found) @ http://localhost:3000/favicon.ico:0
[    1979ms] [LOG] %c[Vercel Web Analytics]%c Debug mode is enabled by default in development. No requests will be sent to the server. color: rgb(120, 120, 120) color: inherit @ http://localhost:3000/_next/static/chunks/675eb_next_dist_d964ce87._.js:2297
[    1980ms] [LOG] %c[Vercel Web Analytics]%c [view] http://localhost:3000/ color: rgb(120, 120, 120) color: inherit {o: http://localhost:3000/, sv: 0.1.3, sdkn: @vercel/analytics/react, sdkv: 1.6.1, ts: 1775398745550} /_vercel/insights/view @ http://localhost:3000/_next/static/chunks/675eb_next_dist_d964ce87._.js:2297
[  436838ms] [LOG] [Fast Refresh] rebuilding @ http://localhost:3000/_next/static/chunks/675eb_next_dist_d964ce87._.js:2297
[  437001ms] [LOG] [Fast Refresh] done in 110ms @ http://localhost:3000/_next/static/chunks/675eb_next_dist_d964ce87._.js:2297
[  499930ms] [LOG] [Fast Refresh] rebuilding @ http://localhost:3000/_next/static/chunks/675eb_next_dist_d964ce87._.js:2297
[  499962ms] [LOG] [Fast Refresh] done in 68ms @ http://localhost:3000/_next/static/chunks/675eb_next_dist_d964ce87._.js:2297
[  550491ms] [LOG] [Fast Refresh] rebuilding @ http://localhost:3000/_next/static/chunks/675eb_next_dist_d964ce87._.js:2297
[  550550ms] [LOG] [Fast Refresh] done in 115ms @ http://localhost:3000/_next/static/chunks/675eb_next_dist_d964ce87._.js:2297
[  590960ms] [LOG] [Fast Refresh] rebuilding @ http://localhost:3000/_next/static/chunks/675eb_next_dist_d964ce87._.js:2297
[  590985ms] [LOG] [Fast Refresh] done in 69ms @ http://localhost:3000/_next/static/chunks/675eb_next_dist_d964ce87._.js:2297
[  613641ms] [LOG] [Fast Refresh] rebuilding @ http://localhost:3000/_next/static/chunks/675eb_next_dist_d964ce87._.js:2297
[  613668ms] [LOG] [Fast Refresh] done in 68ms @ http://localhost:3000/_next/static/chunks/675eb_next_dist_d964ce87._.js:2297
[  636508ms] [LOG] [Fast Refresh] rebuilding @ http://localhost:3000/_next/static/chunks/675eb_next_dist_d964ce87._.js:2297
[  636520ms] [LOG] [Fast Refresh] done in 67ms @ http://localhost:3000/_next/static/chunks/675eb_next_dist_d964ce87._.js:2297
[  679593ms] [LOG] [Fast Refresh] rebuilding @ http://localhost:3000/_next/static/chunks/675eb_next_dist_d964ce87._.js:2297
[  679607ms] [LOG] [Fast Refresh] done in 64ms @ http://localhost:3000/_next/static/chunks/675eb_next_dist_d964ce87._.js:2297
[  702695ms] [LOG] [Fast Refresh] rebuilding @ http://localhost:3000/_next/static/chunks/675eb_next_dist_d964ce87._.js:2297
[  702907ms] [LOG] [Fast Refresh] done in 287ms @ http://localhost:3000/_next/static/chunks/675eb_next_dist_d964ce87._.js:2297
[  768757ms] [LOG] [Fast Refresh] rebuilding @ http://localhost:3000/_next/static/chunks/675eb_next_dist_d964ce87._.js:2297
[  768925ms] [LOG] [Fast Refresh] done in 106ms @ http://localhost:3000/_next/static/chunks/675eb_next_dist_d964ce87._.js:2297
[  811672ms] [LOG] [Fast Refresh] rebuilding @ http://localhost:3000/_next/static/chunks/675eb_next_dist_d964ce87._.js:2297
[  811834ms] [LOG] [Fast Refresh] done in 93ms @ http://localhost:3000/_next/static/chunks/675eb_next_dist_d964ce87._.js:2297
