[     114ms] [LOG] [Fast Refresh] rebuilding @ http://localhost:3000/_next/static/chunks/675eb_next_dist_d964ce87._.js:2297
[     384ms] [LOG] [Fast Refresh] done in 375ms @ http://localhost:3000/_next/static/chunks/675eb_next_dist_d964ce87._.js:2297
[    1676ms] [INFO] %cDownload the React DevTools for a better development experience: https://react.dev/link/react-devtools font-weight:bold @ http://localhost:3000/_next/static/chunks/675eb_next_dist_d964ce87._.js:2297
[    1705ms] [LOG] [HMR] connected @ http://localhost:3000/_next/static/chunks/675eb_next_dist_d964ce87._.js:2297
[    1907ms] [ERROR] A tree hydrated but some attributes of the server rendered HTML didn't match the client properties. This won't be patched up. This can happen if a SSR-ed Client Component used:

- A server/client branch `if (typeof window !== 'undefined')`.
- Variable input such as `Date.now()` or `Math.random()` which changes each time it's called.
- Date formatting in a user's locale which doesn't match the server.
- External changing data without sending a snapshot of it along with the HTML.
- Invalid HTML tag nesting.

It can also happen if the client has a browser extension installed which messes with the HTML before React loaded.

%s%s https://react.dev/link/hydration-mismatch 

  ...
    <InnerLayoutRouter url="/" tree={[...]} params={{}} cacheNode={{rsc:<Fragment>, ...}} segmentPath={[...]} ...>
      <SegmentViewNode type="page" pagePath="page.tsx">
        <SegmentTrieNode>
        <Home>
          <ComboBuilder>
            <main className="min-h-scre...">
              <h1>
              <ControlPanel>
              <div>
              <div id="combo-time..." className="space-y-4">
                <div className="flex-1 bg-...">
                  <div className="flex gap-4...">
                    <div>
                    <div className="flex-1">
                      <SpTimelineChart spChartData={[...]} initialSp={200} maxSp={300} regenPerSecond={10} ...>
                        <div className="flex items...">
                          <div>
                          <div className="relative" style={{width:"1000px", ...}}>
                            <Chart config={{...}} className="w-full asp..." style={{height:"100%"}}>
                              <div
+                               data-chart="chart-_R_532ndlb_"
-                               data-chart="chart-_R_kcindlb_"
                                ref={null}
                                className={"flex justify-center text-xs [&_.recharts-cartesian-axis-tick_text]:fill-m..."}
                                style={{height:"100%"}}
                              >
                                <ChartStyle id="chart-_R_5..." config={{...}}>
                                  <style
                                    dangerouslySetInnerHTML={{
+                                     __html: "\n [data-chart=chart-_R_532ndlb_] {\n  --color-sp: hsl(142, 70%, 45%);\..."
-                                     __html: "\n [data-chart=chart-_R_kcindlb_] {\n  --color-sp: hsl(142, 70%, 45%);\..."
                                    }}
                                  >
                                ...
                  <div>
                  <div>
                  <div>
                  <div>
                  ...
                    <div className="bg-gray-80...">
                      <div className="flex flex-...">
                        <StaggerMeterChart chartData={[...]} initialStaggerMeter={100} timelineDurationMs={30000} ...>
                          <div className="flex items...">
                            <div>
                            <div className="relative" style={{width:"1000px", ...}}>
                              <Chart config={{...}} className="w-full asp..." style={{height:"100%"}}>
                                <div
+                                 data-chart="chart-_R_2dd2ndlb_"
-                                 data-chart="chart-_R_9lkindlb_"
                                  ref={null}
                                  className={"flex justify-center text-xs [&_.recharts-cartesian-axis-tick_text]:fill..."}
                                  style={{height:"100%"}}
                                >
                                  <ChartStyle id="chart-_R_2..." config={{...}}>
                                    <style
                                      dangerouslySetInnerHTML={{
+                                       __html: "\n [data-chart=chart-_R_2dd2ndlb_] {\n  --color-staggerMeter: hsl(280..."
-                                       __html: "\n [data-chart=chart-_R_9lkindlb_] {\n  --color-staggerMeter: hsl(280..."
                                      }}
                                    >
                                  ...
                        ...
                  ...
              ...
      ...
 @ http://localhost:3000/_next/static/chunks/675eb_next_dist_d964ce87._.js:3127
[    2160ms] [LOG] %c[Vercel Web Analytics]%c Debug mode is enabled by default in development. No requests will be sent to the server. color: rgb(120, 120, 120) color: inherit @ http://localhost:3000/_next/static/chunks/675eb_next_dist_d964ce87._.js:2297
[    2161ms] [LOG] %c[Vercel Web Analytics]%c [view] http://localhost:3000/ color: rgb(120, 120, 120) color: inherit {o: http://localhost:3000/, sv: 0.1.3, sdkn: @vercel/analytics/react, sdkv: 1.6.1, ts: 1775401052294} /_vercel/insights/view @ http://localhost:3000/_next/static/chunks/675eb_next_dist_d964ce87._.js:2297
[  187634ms] [LOG] [Fast Refresh] rebuilding @ http://localhost:3000/_next/static/chunks/675eb_next_dist_d964ce87._.js:2297
[  187715ms] [LOG] [Fast Refresh] done in 66ms @ http://localhost:3000/_next/static/chunks/675eb_next_dist_d964ce87._.js:2297
